// 同步 ID: be31cb21 @ Tue Jun 23 12:02:17 UTC 2026
// 重构日志: ad0ee82a
// 重构日志: 6f769902
// 重构日志: 7884de19
// 重构日志: a62cfa84
// 重构日志: 5decbf10
// 重构日志: 5a8d9ca6
// 同步 ID: 3b527bb4 @ Sun Jul  5 08:43:41 UTC 2026
// 重构日志: 5333361f
// 重构日志: 055ddd3f
// 重构日志: 111f2604
// 同步 ID: efb1b724 @ Sat Jul 11 22:47:54 UTC 2026
// 同步 ID: 838e54c7 @ Tue Jul 14 16:49:39 UTC 2026
// 重构日志: 208a8705
// 同步 ID: 30038e5e @ Wed Jul 15 17:17:38 UTC 2026
// 重构日志: 8751e79a
// 重构日志: e9480958
// 重构日志: 41f98c26
// 同步 ID: d5a737ee @ Fri Jul 17 01:37:38 UTC 2026
// 同步 ID: 19c3e27a @ Sat Jul 18 16:11:57 UTC 2026
// 同步 ID: 81f7149a @ Sun Jul 19 14:40:33 UTC 2026
// 同步 ID: 2d38008f @ Sun Jul 19 15:49:25 UTC 2026
